----------

Fri May 08 2020 14:09:23 GMT+0530 (India Standard Time)

fatal: not a git repository (or any of the parent directories): .git


----------

Fri May 08 2020 14:09:23 GMT+0530 (India Standard Time)

fatal: not a git repository (or any of the parent directories): .git


----------

Fri May 08 2020 14:09:23 GMT+0530 (India Standard Time)

fatal: not a git repository (or any of the parent directories): .git


----------

Fri May 08 2020 15:08:11 GMT+0530 (India Standard Time)

Script /home/srujan/Projects/srujandeshpande.github.io/website_export_script.sh couldn't be run

----------

Fri May 08 2020 15:13:51 GMT+0530 (India Standard Time)

Script /home/srujan/Projects/srujandeshpande.github.io/website_export_script.sh couldn't be run

----------

Fri May 08 2020 15:25:13 GMT+0530 (India Standard Time)

Script /home/srujan/Projects/srujandeshpande.github.io/website_export_script.sh couldn't be run

----------

Fri May 08 2020 16:11:56 GMT+0530 (India Standard Time)

Script /home/srujan/Projects/srujandeshpande.github.io/website_export_script.sh couldn't be run

----------

Fri May 08 2020 16:18:53 GMT+0530 (India Standard Time)

Script /home/srujan/Projects/srujandeshpande.github.io/website_export_script.sh couldn't be run

----------

Fri May 08 2020 16:23:28 GMT+0530 (India Standard Time)

Script /home/srujan/Projects/srujandeshpande.github.io/website_export_script.sh couldn't be run

----------

Fri May 08 2020 16:31:27 GMT+0530 (India Standard Time)

Script /home/srujan/Projects/srujandeshpande.github.io/website_export_script.sh couldn't be run

----------

Fri May 08 2020 16:35:28 GMT+0530 (India Standard Time)

Script /home/srujan/Projects/srujandeshpande.github.io/website_export_script.sh couldn't be run

----------

Fri May 08 2020 16:39:23 GMT+0530 (India Standard Time)

Script /home/srujan/Projects/srujandeshpande.github.io/website_export_script.sh couldn't be run

----------

Fri May 08 2020 16:40:41 GMT+0530 (India Standard Time)

Script /home/srujan/Projects/srujandeshpande.github.io/website_export_script.sh couldn't be run

----------

Fri May 08 2020 17:00:42 GMT+0530 (India Standard Time)

Script /home/srujan/Projects/srujandeshpande.github.io/website_export_script.sh couldn't be run

----------

Fri May 08 2020 17:05:16 GMT+0530 (India Standard Time)

Script /home/srujan/Projects/srujandeshpande.github.io/website_export_script.sh couldn't be run

----------

Fri May 08 2020 17:17:16 GMT+0530 (India Standard Time)

Script /home/srujan/Projects/srujandeshpande.github.io/website_export_script.sh couldn't be run

----------

Fri May 08 2020 17:18:11 GMT+0530 (India Standard Time)

Script /home/srujan/Projects/srujandeshpande.github.io/website_export_script.sh couldn't be run

----------

Fri May 08 2020 17:19:01 GMT+0530 (India Standard Time)

Script /home/srujan/Projects/srujandeshpande.github.io/website_export_script.sh couldn't be run

----------

Wed Jun 17 2020 13:21:15 GMT+0530 (India Standard Time)

fatal: not a git repository (or any of the parent directories): .git


----------

Wed Jun 17 2020 13:21:15 GMT+0530 (India Standard Time)

fatal: not a git repository (or any of the parent directories): .git
fatal: not a git repository (or any of the parent directories): .git


----------

Wed Jun 17 2020 13:21:40 GMT+0530 (India Standard Time)

To https://github.com/srujandeshpande/portfolio.git
   39b80cd..cd07d36  master -> master


----------

Wed Jun 17 2020 13:22:03 GMT+0530 (India Standard Time)

fatal: not a git repository (or any of the parent directories): .git


----------

Wed Jun 17 2020 13:22:03 GMT+0530 (India Standard Time)

fatal: not a git repository (or any of the parent directories): .git


----------

Wed Jun 17 2020 13:22:03 GMT+0530 (India Standard Time)

fatal: not a git repository (or any of the parent directories): .git


----------

Wed Jun 17 2020 13:22:05 GMT+0530 (India Standard Time)

Everything up-to-date


----------

Wed Jun 17 2020 13:23:07 GMT+0530 (India Standard Time)

To https://github.com/srujandeshpande/srujandeshpande.github.io.git
   d133d29..e076b29  master -> master


----------

Wed Jun 17 2020 13:23:10 GMT+0530 (India Standard Time)

Everything up-to-date


----------

Wed Jun 17 2020 14:17:50 GMT+0530 (India Standard Time)

To https://github.com/srujandeshpande/srujandeshpande.github.io.git
   e076b29..2dd008d  master -> master


----------

Wed Jun 17 2020 14:18:02 GMT+0530 (India Standard Time)

To https://github.com/srujandeshpande/portfolio.git
   cd07d36..eea1ac9  master -> master
